<?xml version="1.0" encoding="UTF-8"?>
<!-- Generated by org.testng.reporters.JUnitReportReporter -->
<testsuite hostname="DESKTOP-M5OA37U" failures="0" tests="2" name="Test01_GET" time="4.600" errors="0" timestamp="2020-09-24T10:26:55 ART" skipped="0">
  <testcase classname="Test01_GET" name="test_01" time="3.130"/>
  <system-out/>
  <testcase classname="Test01_GET" name="test_02" time="1.470"/>
  <system-out/>
</testsuite> <!-- Test01_GET -->
